{"/Users/dipen.ptl1/Documents/Projects/GIT/Expense-Manager-React-Native/.expo/metro/polyfill.js": {"path":"/Users/dipen.ptl1/Documents/Projects/GIT/Expense-Manager-React-Native/.expo/metro/polyfill.js","statementMap":{"0":{"start":{"line":1,"column":0},"end":{"line":1,"column":81}},"1":{"start":{"line":1,"column":76},"end":{"line":1,"column":80}}},"fnMap":{"0":{"name":"(anonymous_0)","decl":{"start":{"line":1,"column":70},"end":{"line":1,"column":71}},"loc":{"start":{"line":1,"column":76},"end":{"line":1,"column":80}},"line":1}},"branchMap":{"0":{"loc":{"start":{"line":1,"column":28},"end":{"line":1,"column":80}},"type":"cond-expr","locations":[{"start":{"line":1,"column":60},"end":{"line":1,"column":67}},{"start":{"line":1,"column":70},"end":{"line":1,"column":80}}],"line":1}},"s":{"0":0,"1":0},"f":{"0":0},"b":{"0":[0,0]}}
,"/Users/dipen.ptl1/Documents/Projects/GIT/Expense-Manager-React-Native/.expo/metro/polyfill.native.js": {"path":"/Users/dipen.ptl1/Documents/Projects/GIT/Expense-Manager-React-Native/.expo/metro/polyfill.native.js","statementMap":{"0":{"start":{"line":1,"column":0},"end":{"line":1,"column":155}},"1":{"start":{"line":1,"column":43},"end":{"line":1,"column":154}}},"fnMap":{"0":{"name":"(anonymous_0)","decl":{"start":{"line":1,"column":28},"end":{"line":1,"column":29}},"loc":{"start":{"line":1,"column":42},"end":{"line":1,"column":155}},"line":1}},"branchMap":{},"s":{"0":0,"1":0},"f":{"0":0},"b":{}}
,"/Users/dipen.ptl1/Documents/Projects/GIT/Expense-Manager-React-Native/.expo/metro/externals/assert/index.js": {"path":"/Users/dipen.ptl1/Documents/Projects/GIT/Expense-Manager-React-Native/.expo/metro/externals/assert/index.js","statementMap":{"0":{"start":{"line":1,"column":0},"end":{"line":1,"column":51}}},"fnMap":{},"branchMap":{},"s":{"0":0},"f":{},"b":{}}
,"/Users/dipen.ptl1/Documents/Projects/GIT/Expense-Manager-React-Native/.expo/metro/externals/async_hooks/index.js": {"path":"/Users/dipen.ptl1/Documents/Projects/GIT/Expense-Manager-React-Native/.expo/metro/externals/async_hooks/index.js","statementMap":{"0":{"start":{"line":1,"column":0},"end":{"line":1,"column":56}}},"fnMap":{},"branchMap":{},"s":{"0":0},"f":{},"b":{}}
,"/Users/dipen.ptl1/Documents/Projects/GIT/Expense-Manager-React-Native/.expo/metro/externals/buffer/index.js": {"path":"/Users/dipen.ptl1/Documents/Projects/GIT/Expense-Manager-React-Native/.expo/metro/externals/buffer/index.js","statementMap":{"0":{"start":{"line":1,"column":0},"end":{"line":1,"column":51}}},"fnMap":{},"branchMap":{},"s":{"0":0},"f":{},"b":{}}
,"/Users/dipen.ptl1/Documents/Projects/GIT/Expense-Manager-React-Native/.expo/metro/externals/child_process/index.js": {"path":"/Users/dipen.ptl1/Documents/Projects/GIT/Expense-Manager-React-Native/.expo/metro/externals/child_process/index.js","statementMap":{"0":{"start":{"line":1,"column":0},"end":{"line":1,"column":58}}},"fnMap":{},"branchMap":{},"s":{"0":0},"f":{},"b":{}}
,"/Users/dipen.ptl1/Documents/Projects/GIT/Expense-Manager-React-Native/.expo/metro/externals/cluster/index.js": {"path":"/Users/dipen.ptl1/Documents/Projects/GIT/Expense-Manager-React-Native/.expo/metro/externals/cluster/index.js","statementMap":{"0":{"start":{"line":1,"column":0},"end":{"line":1,"column":52}}},"fnMap":{},"branchMap":{},"s":{"0":0},"f":{},"b":{}}
,"/Users/dipen.ptl1/Documents/Projects/GIT/Expense-Manager-React-Native/.expo/metro/externals/console/index.js": {"path":"/Users/dipen.ptl1/Documents/Projects/GIT/Expense-Manager-React-Native/.expo/metro/externals/console/index.js","statementMap":{"0":{"start":{"line":1,"column":0},"end":{"line":1,"column":52}}},"fnMap":{},"branchMap":{},"s":{"0":0},"f":{},"b":{}}
,"/Users/dipen.ptl1/Documents/Projects/GIT/Expense-Manager-React-Native/.expo/metro/externals/constants/index.js": {"path":"/Users/dipen.ptl1/Documents/Projects/GIT/Expense-Manager-React-Native/.expo/metro/externals/constants/index.js","statementMap":{"0":{"start":{"line":1,"column":0},"end":{"line":1,"column":54}}},"fnMap":{},"branchMap":{},"s":{"0":0},"f":{},"b":{}}
,"/Users/dipen.ptl1/Documents/Projects/GIT/Expense-Manager-React-Native/.expo/metro/externals/crypto/index.js": {"path":"/Users/dipen.ptl1/Documents/Projects/GIT/Expense-Manager-React-Native/.expo/metro/externals/crypto/index.js","statementMap":{"0":{"start":{"line":1,"column":0},"end":{"line":1,"column":51}}},"fnMap":{},"branchMap":{},"s":{"0":0},"f":{},"b":{}}
,"/Users/dipen.ptl1/Documents/Projects/GIT/Expense-Manager-React-Native/.expo/metro/externals/dgram/index.js": {"path":"/Users/dipen.ptl1/Documents/Projects/GIT/Expense-Manager-React-Native/.expo/metro/externals/dgram/index.js","statementMap":{"0":{"start":{"line":1,"column":0},"end":{"line":1,"column":50}}},"fnMap":{},"branchMap":{},"s":{"0":0},"f":{},"b":{}}
,"/Users/dipen.ptl1/Documents/Projects/GIT/Expense-Manager-React-Native/.expo/metro/externals/diagnostics_channel/index.js": {"path":"/Users/dipen.ptl1/Documents/Projects/GIT/Expense-Manager-React-Native/.expo/metro/externals/diagnostics_channel/index.js","statementMap":{"0":{"start":{"line":1,"column":0},"end":{"line":1,"column":64}}},"fnMap":{},"branchMap":{},"s":{"0":0},"f":{},"b":{}}
,"/Users/dipen.ptl1/Documents/Projects/GIT/Expense-Manager-React-Native/.expo/metro/externals/dns/index.js": {"path":"/Users/dipen.ptl1/Documents/Projects/GIT/Expense-Manager-React-Native/.expo/metro/externals/dns/index.js","statementMap":{"0":{"start":{"line":1,"column":0},"end":{"line":1,"column":48}}},"fnMap":{},"branchMap":{},"s":{"0":0},"f":{},"b":{}}
,"/Users/dipen.ptl1/Documents/Projects/GIT/Expense-Manager-React-Native/.expo/metro/externals/domain/index.js": {"path":"/Users/dipen.ptl1/Documents/Projects/GIT/Expense-Manager-React-Native/.expo/metro/externals/domain/index.js","statementMap":{"0":{"start":{"line":1,"column":0},"end":{"line":1,"column":51}}},"fnMap":{},"branchMap":{},"s":{"0":0},"f":{},"b":{}}
,"/Users/dipen.ptl1/Documents/Projects/GIT/Expense-Manager-React-Native/.expo/metro/externals/events/index.js": {"path":"/Users/dipen.ptl1/Documents/Projects/GIT/Expense-Manager-React-Native/.expo/metro/externals/events/index.js","statementMap":{"0":{"start":{"line":1,"column":0},"end":{"line":1,"column":51}}},"fnMap":{},"branchMap":{},"s":{"0":0},"f":{},"b":{}}
,"/Users/dipen.ptl1/Documents/Projects/GIT/Expense-Manager-React-Native/.expo/metro/externals/fs/index.js": {"path":"/Users/dipen.ptl1/Documents/Projects/GIT/Expense-Manager-React-Native/.expo/metro/externals/fs/index.js","statementMap":{"0":{"start":{"line":1,"column":0},"end":{"line":1,"column":47}}},"fnMap":{},"branchMap":{},"s":{"0":0},"f":{},"b":{}}
,"/Users/dipen.ptl1/Documents/Projects/GIT/Expense-Manager-React-Native/.expo/metro/externals/fs/promises/index.js": {"path":"/Users/dipen.ptl1/Documents/Projects/GIT/Expense-Manager-React-Native/.expo/metro/externals/fs/promises/index.js","statementMap":{"0":{"start":{"line":1,"column":0},"end":{"line":1,"column":56}}},"fnMap":{},"branchMap":{},"s":{"0":0},"f":{},"b":{}}
,"/Users/dipen.ptl1/Documents/Projects/GIT/Expense-Manager-React-Native/.expo/metro/externals/http/index.js": {"path":"/Users/dipen.ptl1/Documents/Projects/GIT/Expense-Manager-React-Native/.expo/metro/externals/http/index.js","statementMap":{"0":{"start":{"line":1,"column":0},"end":{"line":1,"column":49}}},"fnMap":{},"branchMap":{},"s":{"0":0},"f":{},"b":{}}
,"/Users/dipen.ptl1/Documents/Projects/GIT/Expense-Manager-React-Native/.expo/metro/externals/http2/index.js": {"path":"/Users/dipen.ptl1/Documents/Projects/GIT/Expense-Manager-React-Native/.expo/metro/externals/http2/index.js","statementMap":{"0":{"start":{"line":1,"column":0},"end":{"line":1,"column":50}}},"fnMap":{},"branchMap":{},"s":{"0":0},"f":{},"b":{}}
,"/Users/dipen.ptl1/Documents/Projects/GIT/Expense-Manager-React-Native/.expo/metro/externals/https/index.js": {"path":"/Users/dipen.ptl1/Documents/Projects/GIT/Expense-Manager-React-Native/.expo/metro/externals/https/index.js","statementMap":{"0":{"start":{"line":1,"column":0},"end":{"line":1,"column":50}}},"fnMap":{},"branchMap":{},"s":{"0":0},"f":{},"b":{}}
,"/Users/dipen.ptl1/Documents/Projects/GIT/Expense-Manager-React-Native/.expo/metro/externals/inspector/index.js": {"path":"/Users/dipen.ptl1/Documents/Projects/GIT/Expense-Manager-React-Native/.expo/metro/externals/inspector/index.js","statementMap":{"0":{"start":{"line":1,"column":0},"end":{"line":1,"column":54}}},"fnMap":{},"branchMap":{},"s":{"0":0},"f":{},"b":{}}
,"/Users/dipen.ptl1/Documents/Projects/GIT/Expense-Manager-React-Native/.expo/metro/externals/module/index.js": {"path":"/Users/dipen.ptl1/Documents/Projects/GIT/Expense-Manager-React-Native/.expo/metro/externals/module/index.js","statementMap":{"0":{"start":{"line":1,"column":0},"end":{"line":1,"column":51}}},"fnMap":{},"branchMap":{},"s":{"0":0},"f":{},"b":{}}
,"/Users/dipen.ptl1/Documents/Projects/GIT/Expense-Manager-React-Native/.expo/metro/externals/net/index.js": {"path":"/Users/dipen.ptl1/Documents/Projects/GIT/Expense-Manager-React-Native/.expo/metro/externals/net/index.js","statementMap":{"0":{"start":{"line":1,"column":0},"end":{"line":1,"column":48}}},"fnMap":{},"branchMap":{},"s":{"0":0},"f":{},"b":{}}
,"/Users/dipen.ptl1/Documents/Projects/GIT/Expense-Manager-React-Native/.expo/metro/externals/os/index.js": {"path":"/Users/dipen.ptl1/Documents/Projects/GIT/Expense-Manager-React-Native/.expo/metro/externals/os/index.js","statementMap":{"0":{"start":{"line":1,"column":0},"end":{"line":1,"column":47}}},"fnMap":{},"branchMap":{},"s":{"0":0},"f":{},"b":{}}
,"/Users/dipen.ptl1/Documents/Projects/GIT/Expense-Manager-React-Native/.expo/metro/externals/path/index.js": {"path":"/Users/dipen.ptl1/Documents/Projects/GIT/Expense-Manager-React-Native/.expo/metro/externals/path/index.js","statementMap":{"0":{"start":{"line":1,"column":0},"end":{"line":1,"column":49}}},"fnMap":{},"branchMap":{},"s":{"0":0},"f":{},"b":{}}
,"/Users/dipen.ptl1/Documents/Projects/GIT/Expense-Manager-React-Native/.expo/metro/externals/perf_hooks/index.js": {"path":"/Users/dipen.ptl1/Documents/Projects/GIT/Expense-Manager-React-Native/.expo/metro/externals/perf_hooks/index.js","statementMap":{"0":{"start":{"line":1,"column":0},"end":{"line":1,"column":55}}},"fnMap":{},"branchMap":{},"s":{"0":0},"f":{},"b":{}}
,"/Users/dipen.ptl1/Documents/Projects/GIT/Expense-Manager-React-Native/.expo/metro/externals/process/index.js": {"path":"/Users/dipen.ptl1/Documents/Projects/GIT/Expense-Manager-React-Native/.expo/metro/externals/process/index.js","statementMap":{"0":{"start":{"line":1,"column":0},"end":{"line":1,"column":52}}},"fnMap":{},"branchMap":{},"s":{"0":0},"f":{},"b":{}}
,"/Users/dipen.ptl1/Documents/Projects/GIT/Expense-Manager-React-Native/.expo/metro/externals/punycode/index.js": {"path":"/Users/dipen.ptl1/Documents/Projects/GIT/Expense-Manager-React-Native/.expo/metro/externals/punycode/index.js","statementMap":{"0":{"start":{"line":1,"column":0},"end":{"line":1,"column":53}}},"fnMap":{},"branchMap":{},"s":{"0":0},"f":{},"b":{}}
,"/Users/dipen.ptl1/Documents/Projects/GIT/Expense-Manager-React-Native/.expo/metro/externals/querystring/index.js": {"path":"/Users/dipen.ptl1/Documents/Projects/GIT/Expense-Manager-React-Native/.expo/metro/externals/querystring/index.js","statementMap":{"0":{"start":{"line":1,"column":0},"end":{"line":1,"column":56}}},"fnMap":{},"branchMap":{},"s":{"0":0},"f":{},"b":{}}
,"/Users/dipen.ptl1/Documents/Projects/GIT/Expense-Manager-React-Native/.expo/metro/externals/readline/index.js": {"path":"/Users/dipen.ptl1/Documents/Projects/GIT/Expense-Manager-React-Native/.expo/metro/externals/readline/index.js","statementMap":{"0":{"start":{"line":1,"column":0},"end":{"line":1,"column":53}}},"fnMap":{},"branchMap":{},"s":{"0":0},"f":{},"b":{}}
,"/Users/dipen.ptl1/Documents/Projects/GIT/Expense-Manager-React-Native/.expo/metro/externals/repl/index.js": {"path":"/Users/dipen.ptl1/Documents/Projects/GIT/Expense-Manager-React-Native/.expo/metro/externals/repl/index.js","statementMap":{"0":{"start":{"line":1,"column":0},"end":{"line":1,"column":49}}},"fnMap":{},"branchMap":{},"s":{"0":0},"f":{},"b":{}}
,"/Users/dipen.ptl1/Documents/Projects/GIT/Expense-Manager-React-Native/.expo/metro/externals/stream/index.js": {"path":"/Users/dipen.ptl1/Documents/Projects/GIT/Expense-Manager-React-Native/.expo/metro/externals/stream/index.js","statementMap":{"0":{"start":{"line":1,"column":0},"end":{"line":1,"column":51}}},"fnMap":{},"branchMap":{},"s":{"0":0},"f":{},"b":{}}
,"/Users/dipen.ptl1/Documents/Projects/GIT/Expense-Manager-React-Native/.expo/metro/externals/string_decoder/index.js": {"path":"/Users/dipen.ptl1/Documents/Projects/GIT/Expense-Manager-React-Native/.expo/metro/externals/string_decoder/index.js","statementMap":{"0":{"start":{"line":1,"column":0},"end":{"line":1,"column":59}}},"fnMap":{},"branchMap":{},"s":{"0":0},"f":{},"b":{}}
,"/Users/dipen.ptl1/Documents/Projects/GIT/Expense-Manager-React-Native/.expo/metro/externals/timers/index.js": {"path":"/Users/dipen.ptl1/Documents/Projects/GIT/Expense-Manager-React-Native/.expo/metro/externals/timers/index.js","statementMap":{"0":{"start":{"line":1,"column":0},"end":{"line":1,"column":51}}},"fnMap":{},"branchMap":{},"s":{"0":0},"f":{},"b":{}}
,"/Users/dipen.ptl1/Documents/Projects/GIT/Expense-Manager-React-Native/.expo/metro/externals/tls/index.js": {"path":"/Users/dipen.ptl1/Documents/Projects/GIT/Expense-Manager-React-Native/.expo/metro/externals/tls/index.js","statementMap":{"0":{"start":{"line":1,"column":0},"end":{"line":1,"column":48}}},"fnMap":{},"branchMap":{},"s":{"0":0},"f":{},"b":{}}
,"/Users/dipen.ptl1/Documents/Projects/GIT/Expense-Manager-React-Native/.expo/metro/externals/trace_events/index.js": {"path":"/Users/dipen.ptl1/Documents/Projects/GIT/Expense-Manager-React-Native/.expo/metro/externals/trace_events/index.js","statementMap":{"0":{"start":{"line":1,"column":0},"end":{"line":1,"column":57}}},"fnMap":{},"branchMap":{},"s":{"0":0},"f":{},"b":{}}
,"/Users/dipen.ptl1/Documents/Projects/GIT/Expense-Manager-React-Native/.expo/metro/externals/tty/index.js": {"path":"/Users/dipen.ptl1/Documents/Projects/GIT/Expense-Manager-React-Native/.expo/metro/externals/tty/index.js","statementMap":{"0":{"start":{"line":1,"column":0},"end":{"line":1,"column":48}}},"fnMap":{},"branchMap":{},"s":{"0":0},"f":{},"b":{}}
,"/Users/dipen.ptl1/Documents/Projects/GIT/Expense-Manager-React-Native/.expo/metro/externals/url/index.js": {"path":"/Users/dipen.ptl1/Documents/Projects/GIT/Expense-Manager-React-Native/.expo/metro/externals/url/index.js","statementMap":{"0":{"start":{"line":1,"column":0},"end":{"line":1,"column":48}}},"fnMap":{},"branchMap":{},"s":{"0":0},"f":{},"b":{}}
,"/Users/dipen.ptl1/Documents/Projects/GIT/Expense-Manager-React-Native/.expo/metro/externals/util/index.js": {"path":"/Users/dipen.ptl1/Documents/Projects/GIT/Expense-Manager-React-Native/.expo/metro/externals/util/index.js","statementMap":{"0":{"start":{"line":1,"column":0},"end":{"line":1,"column":49}}},"fnMap":{},"branchMap":{},"s":{"0":0},"f":{},"b":{}}
,"/Users/dipen.ptl1/Documents/Projects/GIT/Expense-Manager-React-Native/.expo/metro/externals/v8/index.js": {"path":"/Users/dipen.ptl1/Documents/Projects/GIT/Expense-Manager-React-Native/.expo/metro/externals/v8/index.js","statementMap":{"0":{"start":{"line":1,"column":0},"end":{"line":1,"column":47}}},"fnMap":{},"branchMap":{},"s":{"0":0},"f":{},"b":{}}
,"/Users/dipen.ptl1/Documents/Projects/GIT/Expense-Manager-React-Native/.expo/metro/externals/vm/index.js": {"path":"/Users/dipen.ptl1/Documents/Projects/GIT/Expense-Manager-React-Native/.expo/metro/externals/vm/index.js","statementMap":{"0":{"start":{"line":1,"column":0},"end":{"line":1,"column":47}}},"fnMap":{},"branchMap":{},"s":{"0":0},"f":{},"b":{}}
,"/Users/dipen.ptl1/Documents/Projects/GIT/Expense-Manager-React-Native/.expo/metro/externals/wasi/index.js": {"path":"/Users/dipen.ptl1/Documents/Projects/GIT/Expense-Manager-React-Native/.expo/metro/externals/wasi/index.js","statementMap":{"0":{"start":{"line":1,"column":0},"end":{"line":1,"column":49}}},"fnMap":{},"branchMap":{},"s":{"0":0},"f":{},"b":{}}
,"/Users/dipen.ptl1/Documents/Projects/GIT/Expense-Manager-React-Native/.expo/metro/externals/worker_threads/index.js": {"path":"/Users/dipen.ptl1/Documents/Projects/GIT/Expense-Manager-React-Native/.expo/metro/externals/worker_threads/index.js","statementMap":{"0":{"start":{"line":1,"column":0},"end":{"line":1,"column":59}}},"fnMap":{},"branchMap":{},"s":{"0":0},"f":{},"b":{}}
,"/Users/dipen.ptl1/Documents/Projects/GIT/Expense-Manager-React-Native/.expo/metro/externals/zlib/index.js": {"path":"/Users/dipen.ptl1/Documents/Projects/GIT/Expense-Manager-React-Native/.expo/metro/externals/zlib/index.js","statementMap":{"0":{"start":{"line":1,"column":0},"end":{"line":1,"column":49}}},"fnMap":{},"branchMap":{},"s":{"0":0},"f":{},"b":{}}
,"/Users/dipen.ptl1/Documents/Projects/GIT/Expense-Manager-React-Native/.expo/metro/shims/react-native-web/dist/cjs/exports/AppRegistry/AppContainer.js": {"path":"/Users/dipen.ptl1/Documents/Projects/GIT/Expense-Manager-React-Native/.expo/metro/shims/react-native-web/dist/cjs/exports/AppRegistry/AppContainer.js","statementMap":{"0":{"start":{"line":5,"column":2},"end":{"line":5,"column":18}},"1":{"start":{"line":8,"column":0},"end":{"line":10,"column":1}},"2":{"start":{"line":9,"column":2},"end":{"line":9,"column":44}},"3":{"start":{"line":12,"column":0},"end":{"line":12,"column":30}},"4":{"start":{"line":13,"column":0},"end":{"line":13,"column":38}}},"fnMap":{"0":{"name":"AppContainer","decl":{"start":{"line":4,"column":9},"end":{"line":4,"column":21}},"loc":{"start":{"line":4,"column":36},"end":{"line":6,"column":1}},"line":4}},"branchMap":{"0":{"loc":{"start":{"line":8,"column":0},"end":{"line":10,"column":1}},"type":"if","locations":[{"start":{"line":8,"column":0},"end":{"line":10,"column":1}},{"start":{},"end":{}}],"line":8}},"s":{"0":0,"1":0,"2":0,"3":0,"4":0},"f":{"0":0},"b":{"0":[0,0]}}
,"/Users/dipen.ptl1/Documents/Projects/GIT/Expense-Manager-React-Native/.expo/metro/shims/react-native-web/dist/cjs/exports/BackHandler/index.js": {"path":"/Users/dipen.ptl1/Documents/Projects/GIT/Expense-Manager-React-Native/.expo/metro/shims/react-native-web/dist/cjs/exports/BackHandler/index.js","statementMap":{"0":{"start":{"line":3,"column":0},"end":{"line":3,"column":54}},"1":{"start":{"line":4,"column":18},"end":{"line":8,"column":3}},"2":{"start":{"line":6,"column":29},"end":{"line":6,"column":54}},"3":{"start":{"line":9,"column":13},"end":{"line":9,"column":24}},"4":{"start":{"line":10,"column":0},"end":{"line":10,"column":65}}},"fnMap":{"0":{"name":"emptyFunction","decl":{"start":{"line":2,"column":9},"end":{"line":2,"column":22}},"loc":{"start":{"line":2,"column":25},"end":{"line":2,"column":27}},"line":2},"1":{"name":"(anonymous_1)","decl":{"start":{"line":6,"column":22},"end":{"line":6,"column":23}},"loc":{"start":{"line":6,"column":29},"end":{"line":6,"column":54}},"line":6}},"branchMap":{},"s":{"0":0,"1":0,"2":0,"3":0,"4":0},"f":{"0":0,"1":0},"b":{}}
,"/Users/dipen.ptl1/Documents/Projects/GIT/Expense-Manager-React-Native/.expo/metro/shims/react-native-web/dist/exports/AppRegistry/AppContainer.js": {"path":"/Users/dipen.ptl1/Documents/Projects/GIT/Expense-Manager-React-Native/.expo/metro/shims/react-native-web/dist/exports/AppRegistry/AppContainer.js","statementMap":{"0":{"start":{"line":5,"column":2},"end":{"line":5,"column":18}},"1":{"start":{"line":8,"column":0},"end":{"line":10,"column":1}},"2":{"start":{"line":9,"column":2},"end":{"line":9,"column":44}}},"fnMap":{"0":{"name":"AppContainer","decl":{"start":{"line":4,"column":9},"end":{"line":4,"column":21}},"loc":{"start":{"line":4,"column":36},"end":{"line":6,"column":1}},"line":4}},"branchMap":{"0":{"loc":{"start":{"line":8,"column":0},"end":{"line":10,"column":1}},"type":"if","locations":[{"start":{"line":8,"column":0},"end":{"line":10,"column":1}},{"start":{},"end":{}}],"line":8}},"s":{"0":0,"1":0,"2":0},"f":{"0":0},"b":{"0":[0,0]}}
,"/Users/dipen.ptl1/Documents/Projects/GIT/Expense-Manager-React-Native/.expo/metro/shims/react-native-web/dist/exports/BackHandler/index.js": {"path":"/Users/dipen.ptl1/Documents/Projects/GIT/Expense-Manager-React-Native/.expo/metro/shims/react-native-web/dist/exports/BackHandler/index.js","statementMap":{"0":{"start":{"line":2,"column":18},"end":{"line":6,"column":1}},"1":{"start":{"line":4,"column":27},"end":{"line":4,"column":52}}},"fnMap":{"0":{"name":"emptyFunction","decl":{"start":{"line":1,"column":9},"end":{"line":1,"column":22}},"loc":{"start":{"line":1,"column":25},"end":{"line":1,"column":27}},"line":1},"1":{"name":"(anonymous_1)","decl":{"start":{"line":4,"column":20},"end":{"line":4,"column":21}},"loc":{"start":{"line":4,"column":27},"end":{"line":4,"column":52}},"line":4}},"branchMap":{},"s":{"0":0,"1":0},"f":{"0":0,"1":0},"b":{}}
,"/Users/dipen.ptl1/Documents/Projects/GIT/Expense-Manager-React-Native/saga/RootSaga.js": {"path":"/Users/dipen.ptl1/Documents/Projects/GIT/Expense-Manager-React-Native/saga/RootSaga.js","statementMap":{"0":{"start":{"line":13,"column":2},"end":{"line":13,"column":39}},"1":{"start":{"line":14,"column":2},"end":{"line":14,"column":57}},"2":{"start":{"line":15,"column":2},"end":{"line":15,"column":63}}},"fnMap":{"0":{"name":"watcherSaga","decl":{"start":{"line":11,"column":17},"end":{"line":11,"column":28}},"loc":{"start":{"line":11,"column":31},"end":{"line":16,"column":1}},"line":11}},"branchMap":{},"s":{"0":1,"1":1,"2":1},"f":{"0":1},"b":{},"_coverageSchema":"1a1c01bbd47fc00a2c39e90264f33305004495a9","hash":"0b35d8c5045b371a2f281557ec86ba843a723d75"}
,"/Users/dipen.ptl1/Documents/Projects/GIT/Expense-Manager-React-Native/saga/handlers/AuthHandler.js": {"path":"/Users/dipen.ptl1/Documents/Projects/GIT/Expense-Manager-React-Native/saga/handlers/AuthHandler.js","statementMap":{"0":{"start":{"line":6,"column":33},"end":{"line":6,"column":47}},"1":{"start":{"line":7,"column":2},"end":{"line":16,"column":3}},"2":{"start":{"line":8,"column":21},"end":{"line":8,"column":60}},"3":{"start":{"line":9,"column":21},"end":{"line":9,"column":29}},"4":{"start":{"line":10,"column":4},"end":{"line":10,"column":22}},"5":{"start":{"line":11,"column":4},"end":{"line":11,"column":34}},"6":{"start":{"line":12,"column":4},"end":{"line":12,"column":22}},"7":{"start":{"line":14,"column":4},"end":{"line":14,"column":25}},"8":{"start":{"line":15,"column":4},"end":{"line":15,"column":34}}},"fnMap":{"0":{"name":"handleLogin","decl":{"start":{"line":5,"column":17},"end":{"line":5,"column":28}},"loc":{"start":{"line":5,"column":37},"end":{"line":17,"column":1}},"line":5}},"branchMap":{},"s":{"0":0,"1":0,"2":0,"3":0,"4":0,"5":0,"6":0,"7":0,"8":0},"f":{"0":0},"b":{},"_coverageSchema":"1a1c01bbd47fc00a2c39e90264f33305004495a9","hash":"139fd356faad7d586e729896a746970ef76ba031"}
,"/Users/dipen.ptl1/Documents/Projects/GIT/Expense-Manager-React-Native/saga/handlers/ExpenseHandler.js": {"path":"/Users/dipen.ptl1/Documents/Projects/GIT/Expense-Manager-React-Native/saga/handlers/ExpenseHandler.js","statementMap":{"0":{"start":{"line":16,"column":2},"end":{"line":25,"column":3}},"1":{"start":{"line":17,"column":21},"end":{"line":17,"column":49}},"2":{"start":{"line":18,"column":21},"end":{"line":18,"column":29}},"3":{"start":{"line":19,"column":4},"end":{"line":19,"column":22}},"4":{"start":{"line":20,"column":4},"end":{"line":20,"column":43}},"5":{"start":{"line":21,"column":4},"end":{"line":21,"column":22}},"6":{"start":{"line":23,"column":4},"end":{"line":23,"column":25}},"7":{"start":{"line":24,"column":4},"end":{"line":24,"column":43}},"8":{"start":{"line":29,"column":17},"end":{"line":29,"column":31}},"9":{"start":{"line":30,"column":2},"end":{"line":39,"column":3}},"10":{"start":{"line":31,"column":21},"end":{"line":31,"column":56}},"11":{"start":{"line":32,"column":21},"end":{"line":32,"column":29}},"12":{"start":{"line":33,"column":4},"end":{"line":33,"column":22}},"13":{"start":{"line":34,"column":4},"end":{"line":34,"column":46}},"14":{"start":{"line":35,"column":4},"end":{"line":35,"column":22}},"15":{"start":{"line":37,"column":4},"end":{"line":37,"column":25}},"16":{"start":{"line":38,"column":4},"end":{"line":38,"column":46}}},"fnMap":{"0":{"name":"handleGetAllExpenses","decl":{"start":{"line":15,"column":17},"end":{"line":15,"column":37}},"loc":{"start":{"line":15,"column":40},"end":{"line":26,"column":1}},"line":15},"1":{"name":"handleGetExpenseDetails","decl":{"start":{"line":28,"column":17},"end":{"line":28,"column":40}},"loc":{"start":{"line":28,"column":49},"end":{"line":40,"column":1}},"line":28}},"branchMap":{},"s":{"0":0,"1":0,"2":0,"3":0,"4":0,"5":0,"6":0,"7":0,"8":0,"9":0,"10":0,"11":0,"12":0,"13":0,"14":0,"15":0,"16":0},"f":{"0":0,"1":0},"b":{},"_coverageSchema":"1a1c01bbd47fc00a2c39e90264f33305004495a9","hash":"bc299e22da071f2f8614e0a6e8118038992102b5"}
,"/Users/dipen.ptl1/Documents/Projects/GIT/Expense-Manager-React-Native/saga/requests/AuthRequest.js": {"path":"/Users/dipen.ptl1/Documents/Projects/GIT/Expense-Manager-React-Native/saga/requests/AuthRequest.js","statementMap":{"0":{"start":{"line":5,"column":2},"end":{"line":13,"column":5}}},"fnMap":{"0":{"name":"loginRQ","decl":{"start":{"line":4,"column":16},"end":{"line":4,"column":23}},"loc":{"start":{"line":4,"column":44},"end":{"line":14,"column":1}},"line":4}},"branchMap":{},"s":{"0":0},"f":{"0":0},"b":{},"_coverageSchema":"1a1c01bbd47fc00a2c39e90264f33305004495a9","hash":"0e8401ca31c61429d74a88651e9d8fe453792a3b"}
,"/Users/dipen.ptl1/Documents/Projects/GIT/Expense-Manager-React-Native/saga/requests/ExpenseRequest.js": {"path":"/Users/dipen.ptl1/Documents/Projects/GIT/Expense-Manager-React-Native/saga/requests/ExpenseRequest.js","statementMap":{"0":{"start":{"line":5,"column":2},"end":{"line":9,"column":5}},"1":{"start":{"line":13,"column":2},"end":{"line":17,"column":5}}},"fnMap":{"0":{"name":"getAllExpensesRQ","decl":{"start":{"line":4,"column":16},"end":{"line":4,"column":32}},"loc":{"start":{"line":4,"column":35},"end":{"line":10,"column":1}},"line":4},"1":{"name":"getExpenseDetailsRQ","decl":{"start":{"line":12,"column":16},"end":{"line":12,"column":35}},"loc":{"start":{"line":12,"column":40},"end":{"line":18,"column":1}},"line":12}},"branchMap":{},"s":{"0":0,"1":0},"f":{"0":0,"1":0},"b":{},"_coverageSchema":"1a1c01bbd47fc00a2c39e90264f33305004495a9","hash":"b00baec59d2ff0912c526f0aa3fa70afee530966"}
}
